<?xml version="1.0" encoding="UTF-8"?>
<coverage generated="1762935026693" clover="3.2.0">
  <project timestamp="1762935026693" name="All files">
    <metrics statements="143" coveredstatements="67" conditionals="78" coveredconditionals="34" methods="61" coveredmethods="19" elements="282" coveredelements="120" complexity="0" loc="143" ncloc="143" packages="4" files="4" classes="4"/>
    <package name="components">
      <metrics statements="49" coveredstatements="31" conditionals="46" coveredconditionals="23" methods="22" coveredmethods="9"/>
      <file name="ButtonForm.svelte" path="/home/runner/work/clock/clock/frontend/src/components/ButtonForm.svelte">
        <metrics statements="49" coveredstatements="31" conditionals="46" coveredconditionals="23" methods="22" coveredmethods="9"/>
        <line num="6" count="7" type="stmt"/>
        <line num="8" count="7" type="stmt"/>
        <line num="10" count="7" type="cond" truecount="2" falsecount="0"/>
        <line num="11" count="7" type="cond" truecount="2" falsecount="0"/>
        <line num="12" count="7" type="cond" truecount="2" falsecount="0"/>
        <line num="13" count="7" type="cond" truecount="2" falsecount="0"/>
        <line num="14" count="7" type="cond" truecount="2" falsecount="0"/>
        <line num="15" count="7" type="cond" truecount="2" falsecount="0"/>
        <line num="16" count="7" type="stmt"/>
        <line num="17" count="7" type="stmt"/>
        <line num="35" count="0" type="cond" truecount="0" falsecount="2"/>
        <line num="36" count="0" type="stmt"/>
        <line num="38" count="0" type="stmt"/>
        <line num="43" count="0" type="cond" truecount="0" falsecount="2"/>
        <line num="44" count="0" type="stmt"/>
        <line num="48" count="0" type="stmt"/>
        <line num="49" count="0" type="stmt"/>
        <line num="51" count="0" type="stmt"/>
        <line num="62" count="0" type="cond" truecount="0" falsecount="2"/>
        <line num="63" count="0" type="stmt"/>
        <line num="65" count="0" type="stmt"/>
        <line num="68" count="0" type="stmt"/>
        <line num="70" count="0" type="cond" truecount="0" falsecount="2"/>
        <line num="72" count="0" type="stmt"/>
        <line num="77" count="0" type="stmt"/>
        <line num="83" count="7" type="stmt"/>
        <line num="84" count="7" type="cond" truecount="0" falsecount="2"/>
        <line num="101" count="7" type="cond" truecount="2" falsecount="0"/>
        <line num="104" count="7" type="stmt"/>
        <line num="111" count="7" type="cond" truecount="1" falsecount="1"/>
        <line num="113" count="0" type="stmt"/>
        <line num="117" count="7" type="stmt"/>
        <line num="126" count="14" type="stmt"/>
        <line num="141" count="14" type="stmt"/>
        <line num="154" count="7" type="stmt"/>
        <line num="157" count="0" type="stmt"/>
        <line num="161" count="56" type="cond" truecount="1" falsecount="1"/>
        <line num="162" count="56" type="cond" truecount="1" falsecount="1"/>
        <line num="169" count="14" type="stmt"/>
        <line num="182" count="14" type="stmt"/>
        <line num="191" count="7" type="cond" truecount="2" falsecount="0"/>
        <line num="197" count="7" type="stmt"/>
        <line num="200" count="0" type="stmt"/>
        <line num="206" count="7" type="stmt"/>
        <line num="219" count="2" type="stmt"/>
        <line num="226" count="1" type="cond" truecount="1" falsecount="1"/>
        <line num="238" count="7" type="stmt"/>
        <line num="245" count="7" type="stmt"/>
        <line num="248" count="7" type="cond" truecount="3" falsecount="1"/>
      </file>
    </package>
    <package name="lib">
      <metrics statements="8" coveredstatements="3" conditionals="4" coveredconditionals="1" methods="2" coveredmethods="0"/>
      <file name="navigation.ts" path="/home/runner/work/clock/clock/frontend/src/lib/navigation.ts">
        <metrics statements="8" coveredstatements="3" conditionals="4" coveredconditionals="1" methods="2" coveredmethods="0"/>
        <line num="4" count="1" type="stmt"/>
        <line num="8" count="0" type="cond" truecount="0" falsecount="2"/>
        <line num="9" count="0" type="stmt"/>
        <line num="11" count="0" type="stmt"/>
        <line num="13" count="0" type="stmt"/>
        <line num="17" count="1" type="cond" truecount="1" falsecount="1"/>
        <line num="18" count="1" type="stmt"/>
        <line num="19" count="0" type="stmt"/>
      </file>
    </package>
    <package name="routes">
      <metrics statements="29" coveredstatements="19" conditionals="16" coveredconditionals="10" methods="9" coveredmethods="4"/>
      <file name="Login.svelte" path="/home/runner/work/clock/clock/frontend/src/routes/Login.svelte">
        <metrics statements="29" coveredstatements="19" conditionals="16" coveredconditionals="10" methods="9" coveredmethods="4"/>
        <line num="5" count="5" type="stmt"/>
        <line num="6" count="5" type="stmt"/>
        <line num="7" count="5" type="stmt"/>
        <line num="8" count="5" type="stmt"/>
        <line num="9" count="5" type="stmt"/>
        <line num="10" count="5" type="stmt"/>
        <line num="13" count="0" type="stmt"/>
        <line num="14" count="0" type="stmt"/>
        <line num="16" count="0" type="stmt"/>
        <line num="17" count="0" type="cond" truecount="0" falsecount="2"/>
        <line num="18" count="0" type="stmt"/>
        <line num="20" count="0" type="stmt"/>
        <line num="22" count="0" type="stmt"/>
        <line num="24" count="0" type="cond" truecount="0" falsecount="2"/>
        <line num="26" count="0" type="stmt"/>
        <line num="31" count="1" type="stmt"/>
        <line num="32" count="1" type="stmt"/>
        <line num="39" count="6" type="cond" truecount="2" falsecount="0"/>
        <line num="42" count="5" type="cond" truecount="1" falsecount="1"/>
        <line num="44" count="0" type="stmt"/>
        <line num="48" count="5" type="stmt"/>
        <line num="49" count="6" type="cond" truecount="2" falsecount="0"/>
        <line num="57" count="2" type="stmt"/>
        <line num="72" count="10" type="stmt"/>
        <line num="86" count="10" type="stmt"/>
        <line num="96" count="6" type="stmt"/>
        <line num="99" count="6" type="cond" truecount="3" falsecount="1"/>
        <line num="105" count="5" type="stmt"/>
        <line num="108" count="6" type="cond" truecount="2" falsecount="0"/>
      </file>
    </package>
    <package name="stores">
      <metrics statements="57" coveredstatements="14" conditionals="12" coveredconditionals="0" methods="28" coveredmethods="6"/>
      <file name="auth.ts" path="/home/runner/work/clock/clock/frontend/src/stores/auth.ts">
        <metrics statements="57" coveredstatements="14" conditionals="12" coveredconditionals="0" methods="28" coveredmethods="6"/>
        <line num="14" count="1" type="stmt"/>
        <line num="21" count="1" type="stmt"/>
        <line num="25" count="0" type="stmt"/>
        <line num="26" count="0" type="stmt"/>
        <line num="28" count="0" type="stmt"/>
        <line num="29" count="0" type="cond" truecount="0" falsecount="2"/>
        <line num="30" count="0" type="stmt"/>
        <line num="39" count="0" type="stmt"/>
        <line num="40" count="0" type="stmt"/>
        <line num="41" count="0" type="stmt"/>
        <line num="42" count="0" type="stmt"/>
        <line num="51" count="0" type="cond" truecount="0" falsecount="2"/>
        <line num="52" count="0" type="stmt"/>
        <line num="58" count="0" type="stmt"/>
        <line num="62" count="0" type="stmt"/>
        <line num="71" count="2" type="stmt"/>
        <line num="72" count="2" type="stmt"/>
        <line num="73" count="2" type="stmt"/>
        <line num="74" count="2" type="stmt"/>
        <line num="75" count="2" type="stmt"/>
        <line num="81" count="2" type="stmt"/>
        <line num="83" count="0" type="cond" truecount="0" falsecount="2"/>
        <line num="84" count="0" type="stmt"/>
        <line num="89" count="0" type="stmt"/>
        <line num="94" count="0" type="stmt"/>
        <line num="95" count="0" type="stmt"/>
        <line num="96" count="0" type="stmt"/>
        <line num="97" count="0" type="stmt"/>
        <line num="98" count="0" type="stmt"/>
        <line num="104" count="0" type="stmt"/>
        <line num="106" count="0" type="cond" truecount="0" falsecount="2"/>
        <line num="107" count="0" type="stmt"/>
        <line num="112" count="0" type="stmt"/>
        <line num="117" count="1" type="stmt"/>
        <line num="118" count="1" type="stmt"/>
        <line num="119" count="1" type="stmt"/>
        <line num="121" count="0" type="stmt"/>
        <line num="123" count="1" type="stmt"/>
        <line num="124" count="1" type="stmt"/>
        <line num="134" count="0" type="stmt"/>
        <line num="135" count="0" type="stmt"/>
        <line num="136" count="0" type="stmt"/>
        <line num="137" count="0" type="stmt"/>
        <line num="138" count="0" type="stmt"/>
        <line num="143" count="0" type="stmt"/>
        <line num="145" count="0" type="cond" truecount="0" falsecount="2"/>
        <line num="146" count="0" type="stmt"/>
        <line num="151" count="0" type="stmt"/>
        <line num="156" count="0" type="stmt"/>
        <line num="157" count="0" type="stmt"/>
        <line num="158" count="0" type="stmt"/>
        <line num="159" count="0" type="stmt"/>
        <line num="161" count="0" type="cond" truecount="0" falsecount="2"/>
        <line num="162" count="0" type="stmt"/>
        <line num="167" count="0" type="stmt"/>
        <line num="172" count="0" type="stmt"/>
        <line num="177" count="1" type="stmt"/>
      </file>
    </package>
  </project>
</coverage>
