{"/home/runner/work/clock/clock/frontend/src/components/ButtonForm.svelte": {"path":"/home/runner/work/clock/clock/frontend/src/components/ButtonForm.svelte","statementMap":{"0":{"start":{"line":6,"column":34},"end":{"line":6,"column":null}},"1":{"start":{"line":8,"column":16},"end":{"line":8,"column":null}},"2":{"start":{"line":10,"column":10},"end":{"line":10,"column":null}},"3":{"start":{"line":11,"column":11},"end":{"line":11,"column":null}},"4":{"start":{"line":12,"column":11},"end":{"line":12,"column":null}},"5":{"start":{"line":13,"column":21},"end":{"line":13,"column":null}},"6":{"start":{"line":15,"column":24},"end":{"line":15,"column":null}},"7":{"start":{"line":16,"column":15},"end":{"line":16,"column":null}},"8":{"start":{"line":17,"column":18},"end":{"line":17,"column":null}},"9":{"start":{"line":35,"column":8},"end":{"line":39,"column":null}},"10":{"start":{"line":36,"column":6},"end":{"line":36,"column":null}},"11":{"start":{"line":36,"column":34},"end":{"line":36,"column":null}},"12":{"start":{"line":38,"column":6},"end":{"line":38,"column":null}},"13":{"start":{"line":43,"column":9},"end":{"line":46,"column":null}},"14":{"start":{"line":44,"column":6},"end":{"line":44,"column":null}},"15":{"start":{"line":48,"column":4},"end":{"line":48,"column":null}},"16":{"start":{"line":49,"column":4},"end":{"line":49,"column":null}},"17":{"start":{"line":51,"column":8},"end":{"line":73,"column":null}},"18":{"start":{"line":62,"column":10},"end":{"line":66,"column":null}},"19":{"start":{"line":63,"column":14},"end":{"line":63,"column":null}},"20":{"start":{"line":65,"column":14},"end":{"line":65,"column":null}},"21":{"start":{"line":68,"column":6},"end":{"line":68,"column":null}},"22":{"start":{"line":70,"column":6},"end":{"line":70,"column":null}},"23":{"start":{"line":72,"column":6},"end":{"line":72,"column":null}},"24":{"start":{"line":77,"column":4},"end":{"line":77,"column":null}},"25":{"start":{"line":113,"column":11},"end":{"line":113,"column":null}},"26":{"start":{"line":111,"column":11},"end":{"line":111,"column":null}},"27":{"start":{"line":111,"column":23},"end":{"line":111,"column":null}},"28":{"start":{"line":154,"column":19},"end":{"line":154,"column":31}},"29":{"start":{"line":161,"column":42},"end":{"line":161,"column":null}},"30":{"start":{"line":162,"column":42},"end":{"line":162,"column":null}},"31":{"start":{"line":157,"column":32},"end":{"line":157,"column":null}},"32":{"start":{"line":197,"column":21},"end":{"line":197,"column":29}},"33":{"start":{"line":197,"column":33},"end":{"line":208,"column":null}},"34":{"start":{"line":197,"column":36},"end":{"line":208,"column":28}},"35":{"start":{"line":14,"column":6},"end":{"line":206,"column":null}},"36":{"start":{"line":206,"column":32},"end":{"line":206,"column":null}},"37":{"start":{"line":200,"column":34},"end":{"line":200,"column":null}},"38":{"start":{"line":226,"column":15},"end":{"line":226,"column":null}},"39":{"start":{"line":226,"column":33},"end":{"line":226,"column":null}},"40":{"start":{"line":219,"column":28},"end":{"line":219,"column":null}},"41":{"start":{"line":219,"column":46},"end":{"line":219,"column":null}},"42":{"start":{"line":191,"column":13},"end":{"line":191,"column":null}},"43":{"start":{"line":191,"column":32},"end":{"line":191,"column":null}},"44":{"start":{"line":101,"column":11},"end":{"line":101,"column":null}},"45":{"start":{"line":245,"column":22},"end":{"line":245,"column":null}},"46":{"start":{"line":248,"column":13},"end":{"line":248,"column":null}},"47":{"start":{"line":104,"column":20},"end":{"line":104,"column":null}},"48":{"start":{"line":126,"column":24},"end":{"line":126,"column":null}},"49":{"start":{"line":126,"column":28},"end":{"line":126,"column":null}},"50":{"start":{"line":141,"column":24},"end":{"line":141,"column":null}},"51":{"start":{"line":141,"column":29},"end":{"line":141,"column":null}},"52":{"start":{"line":169,"column":24},"end":{"line":169,"column":null}},"53":{"start":{"line":169,"column":29},"end":{"line":169,"column":null}},"54":{"start":{"line":182,"column":24},"end":{"line":182,"column":null}},"55":{"start":{"line":182,"column":39},"end":{"line":182,"column":null}},"56":{"start":{"line":238,"column":22},"end":{"line":238,"column":null}},"57":{"start":{"line":117,"column":38},"end":{"line":117,"column":null}},"58":{"start":{"line":83,"column":12},"end":{"line":83,"column":null}},"59":{"start":{"line":84,"column":15},"end":{"line":84,"column":null}},"60":{"start":{"line":84,"column":16},"end":{"line":84,"column":null}}},"fnMap":{"0":{"name":"toggleDay","decl":{"start":{"line":34,"column":11},"end":{"line":34,"column":20}},"loc":{"start":{"line":34,"column":34},"end":{"line":40,"column":null}},"line":34},"1":{"name":"(anonymous_1)","decl":{"start":{"line":36,"column":32},"end":{"line":36,"column":33}},"loc":{"start":{"line":36,"column":34},"end":{"line":36,"column":null}},"line":36},"2":{"name":"handleSubmit","decl":{"start":{"line":42,"column":17},"end":{"line":42,"column":29}},"loc":{"start":{"line":42,"column":32},"end":{"line":74,"column":null}},"line":42},"3":{"name":"handleClose","decl":{"start":{"line":76,"column":11},"end":{"line":76,"column":22}},"loc":{"start":{"line":76,"column":25},"end":{"line":78,"column":null}},"line":76},"4":{"name":"(anonymous_4)","decl":{"start":{"line":113,"column":11},"end":{"line":113,"column":23}},"loc":{"start":{"line":113,"column":11},"end":{"line":113,"column":null}},"line":113},"5":{"name":"(anonymous_5)","decl":{"start":{"line":154,"column":19},"end":{"line":154,"column":31}},"loc":{"start":{"line":154,"column":19},"end":{"line":154,"column":31}},"line":154},"6":{"name":"(anonymous_6)","decl":{"start":{"line":157,"column":32},"end":{"line":157,"column":37}},"loc":{"start":{"line":157,"column":32},"end":{"line":157,"column":null}},"line":157},"7":{"name":"(anonymous_7)","decl":{"start":{"line":197,"column":21},"end":{"line":197,"column":29}},"loc":{"start":{"line":197,"column":21},"end":{"line":197,"column":29}},"line":197},"8":{"name":"(anonymous_8)","decl":{"start":{"line":197,"column":36},"end":{"line":197,"column":null}},"loc":{"start":{"line":197,"column":36},"end":{"line":208,"column":28}},"line":197},"9":{"name":"(anonymous_9)","decl":{"start":{"line":206,"column":32},"end":{"line":206,"column":40}},"loc":{"start":{"line":206,"column":32},"end":{"line":206,"column":null}},"line":206},"10":{"name":"(anonymous_10)","decl":{"start":{"line":200,"column":34},"end":{"line":200,"column":43}},"loc":{"start":{"line":200,"column":34},"end":{"line":200,"column":null}},"line":200},"11":{"name":"(anonymous_11)","decl":{"start":{"line":219,"column":28},"end":{"line":219,"column":46}},"loc":{"start":{"line":219,"column":28},"end":{"line":219,"column":null}},"line":219},"12":{"name":"(anonymous_12)","decl":{"start":{"line":219,"column":46},"end":{"line":219,"column":null}},"loc":{"start":{"line":219,"column":46},"end":{"line":219,"column":null}},"line":219},"13":{"name":"(anonymous_13)","decl":{"start":{"line":126,"column":24},"end":{"line":126,"column":28}},"loc":{"start":{"line":126,"column":24},"end":{"line":126,"column":null}},"line":126},"14":{"name":"(anonymous_14)","decl":{"start":{"line":126,"column":28},"end":{"line":126,"column":null}},"loc":{"start":{"line":126,"column":28},"end":{"line":126,"column":null}},"line":126},"15":{"name":"(anonymous_15)","decl":{"start":{"line":141,"column":24},"end":{"line":141,"column":29}},"loc":{"start":{"line":141,"column":24},"end":{"line":141,"column":null}},"line":141},"16":{"name":"(anonymous_16)","decl":{"start":{"line":141,"column":29},"end":{"line":141,"column":null}},"loc":{"start":{"line":141,"column":29},"end":{"line":141,"column":null}},"line":141},"17":{"name":"(anonymous_17)","decl":{"start":{"line":169,"column":24},"end":{"line":169,"column":29}},"loc":{"start":{"line":169,"column":24},"end":{"line":169,"column":null}},"line":169},"18":{"name":"(anonymous_18)","decl":{"start":{"line":169,"column":29},"end":{"line":169,"column":null}},"loc":{"start":{"line":169,"column":29},"end":{"line":169,"column":null}},"line":169},"19":{"name":"(anonymous_19)","decl":{"start":{"line":182,"column":24},"end":{"line":182,"column":39}},"loc":{"start":{"line":182,"column":24},"end":{"line":182,"column":null}},"line":182},"20":{"name":"(anonymous_20)","decl":{"start":{"line":182,"column":39},"end":{"line":182,"column":null}},"loc":{"start":{"line":182,"column":39},"end":{"line":182,"column":null}},"line":182},"21":{"name":"(anonymous_21)","decl":{"start":{"line":84,"column":15},"end":{"line":84,"column":16}},"loc":{"start":{"line":84,"column":16},"end":{"line":84,"column":null}},"line":84}},"branchMap":{"0":{"loc":{"start":{"line":10,"column":13},"end":{"line":10,"column":31}},"type":"binary-expr","locations":[{"start":{"line":10,"column":13},"end":{"line":10,"column":25}},{"start":{"line":10,"column":29},"end":{"line":10,"column":31}}],"line":10},"1":{"loc":{"start":{"line":11,"column":14},"end":{"line":11,"column":33}},"type":"binary-expr","locations":[{"start":{"line":11,"column":14},"end":{"line":11,"column":27}},{"start":{"line":11,"column":31},"end":{"line":11,"column":33}}],"line":11},"2":{"loc":{"start":{"line":12,"column":14},"end":{"line":12,"column":40}},"type":"binary-expr","locations":[{"start":{"line":12,"column":14},"end":{"line":12,"column":27}},{"start":{"line":12,"column":31},"end":{"line":12,"column":40}}],"line":12},"3":{"loc":{"start":{"line":13,"column":24},"end":{"line":13,"column":54}},"type":"binary-expr","locations":[{"start":{"line":13,"column":24},"end":{"line":13,"column":49}},{"start":{"line":13,"column":53},"end":{"line":13,"column":54}}],"line":13},"4":{"loc":{"start":{"line":14,"column":17},"end":{"line":14,"column":null}},"type":"binary-expr","locations":[{"start":{"line":14,"column":17},"end":{"line":14,"column":34}},{"start":{"line":14,"column":34},"end":{"line":14,"column":null}}],"line":14},"5":{"loc":{"start":{"line":15,"column":27},"end":{"line":15,"column":64}},"type":"binary-expr","locations":[{"start":{"line":15,"column":27},"end":{"line":15,"column":55}},{"start":{"line":15,"column":59},"end":{"line":15,"column":64}}],"line":15},"6":{"loc":{"start":{"line":35,"column":8},"end":{"line":39,"column":null}},"type":"if","locations":[{"start":{"line":35,"column":8},"end":{"line":39,"column":null}},{"start":{"line":37,"column":11},"end":{"line":39,"column":null}}],"line":35},"7":{"loc":{"start":{"line":43,"column":9},"end":{"line":46,"column":null}},"type":"if","locations":[{"start":{"line":43,"column":9},"end":{"line":46,"column":null}},{"start":{},"end":{}}],"line":43},"8":{"loc":{"start":{"line":54,"column":13},"end":{"line":54,"column":33}},"type":"binary-expr","locations":[{"start":{"line":54,"column":13},"end":{"line":54,"column":24}},{"start":{"line":54,"column":24},"end":{"line":54,"column":33}}],"line":54},"9":{"loc":{"start":{"line":56,"column":25},"end":{"line":56,"column":76}},"type":"cond-expr","locations":[{"start":{"line":56,"column":46},"end":{"line":56,"column":67}},{"start":{"line":56,"column":67},"end":{"line":56,"column":76}}],"line":56},"10":{"loc":{"start":{"line":57,"column":17},"end":{"line":57,"column":61}},"type":"cond-expr","locations":[{"start":{"line":57,"column":38},"end":{"line":57,"column":52}},{"start":{"line":57,"column":52},"end":{"line":57,"column":61}}],"line":57},"11":{"loc":{"start":{"line":59,"column":18},"end":{"line":59,"column":null}},"type":"binary-expr","locations":[{"start":{"line":59,"column":18},"end":{"line":59,"column":34}},{"start":{"line":59,"column":38},"end":{"line":59,"column":null}}],"line":59},"12":{"loc":{"start":{"line":62,"column":10},"end":{"line":66,"column":null}},"type":"if","locations":[{"start":{"line":62,"column":10},"end":{"line":66,"column":null}},{"start":{"line":64,"column":13},"end":{"line":66,"column":null}}],"line":62},"13":{"loc":{"start":{"line":70,"column":21},"end":{"line":70,"column":61}},"type":"binary-expr","locations":[{"start":{"line":70,"column":21},"end":{"line":70,"column":34}},{"start":{"line":70,"column":38},"end":{"line":70,"column":61}}],"line":70},"14":{"loc":{"start":{"line":111,"column":11},"end":{"line":111,"column":null}},"type":"if","locations":[{"start":{"line":111,"column":11},"end":{"line":111,"column":null}},{"start":{},"end":{}}],"line":111},"15":{"loc":{"start":{"line":161,"column":42},"end":{"line":161,"column":null}},"type":"binary-expr","locations":[{"start":{"line":161,"column":42},"end":{"line":161,"column":null}},{"start":{"line":161,"column":48},"end":{"line":161,"column":null}}],"line":161},"16":{"loc":{"start":{"line":162,"column":42},"end":{"line":162,"column":null}},"type":"binary-expr","locations":[{"start":{"line":162,"column":42},"end":{"line":162,"column":null}},{"start":{"line":162,"column":48},"end":{"line":162,"column":null}}],"line":162},"17":{"loc":{"start":{"line":226,"column":15},"end":{"line":226,"column":null}},"type":"if","locations":[{"start":{"line":226,"column":15},"end":{"line":226,"column":null}},{"start":{},"end":{}}],"line":226},"18":{"loc":{"start":{"line":191,"column":13},"end":{"line":191,"column":null}},"type":"if","locations":[{"start":{"line":191,"column":13},"end":{"line":191,"column":null}},{"start":{},"end":{}}],"line":191},"19":{"loc":{"start":{"line":101,"column":11},"end":{"line":101,"column":37}},"type":"cond-expr","locations":[{"start":{"line":101,"column":20},"end":{"line":101,"column":26}},{"start":{"line":101,"column":29},"end":{"line":101,"column":37}}],"line":101},"20":{"loc":{"start":{"line":248,"column":13},"end":{"line":248,"column":67}},"type":"cond-expr","locations":[{"start":{"line":248,"column":25},"end":{"line":248,"column":36}},{"start":{"line":248,"column":39},"end":{"line":248,"column":67}}],"line":248},"21":{"loc":{"start":{"line":248,"column":39},"end":{"line":248,"column":67}},"type":"cond-expr","locations":[{"start":{"line":248,"column":48},"end":{"line":248,"column":56}},{"start":{"line":248,"column":59},"end":{"line":248,"column":67}}],"line":248},"22":{"loc":{"start":{"line":84,"column":16},"end":{"line":84,"column":null}},"type":"binary-expr","locations":[{"start":{"line":84,"column":16},"end":{"line":84,"column":43}},{"start":{"line":84,"column":43},"end":{"line":84,"column":null}}],"line":84}},"s":{"0":7,"1":7,"2":7,"3":7,"4":7,"5":7,"6":7,"7":7,"8":7,"9":0,"10":0,"11":0,"12":0,"13":0,"14":0,"15":0,"16":0,"17":0,"18":0,"19":0,"20":0,"21":0,"22":0,"23":0,"24":0,"25":0,"26":7,"27":0,"28":7,"29":56,"30":56,"31":0,"32":1,"33":7,"34":7,"35":7,"36":7,"37":0,"38":1,"39":1,"40":2,"41":0,"42":7,"43":1,"44":7,"45":7,"46":7,"47":7,"48":14,"49":0,"50":14,"51":0,"52":14,"53":0,"54":14,"55":0,"56":7,"57":7,"58":7,"59":7,"60":0},"f":{"0":0,"1":0,"2":0,"3":0,"4":0,"5":7,"6":0,"7":1,"8":7,"9":7,"10":0,"11":2,"12":0,"13":14,"14":0,"15":14,"16":0,"17":14,"18":0,"19":14,"20":0,"21":0},"b":{"0":[7,6],"1":[7,6],"2":[7,6],"3":[7,6],"4":[7,6],"5":[7,6],"6":[0,0],"7":[0,0],"8":[0,0],"9":[0,0],"10":[0,0],"11":[0,0],"12":[0,0],"13":[0,0],"14":[0,7],"15":[56,0],"16":[56,0],"17":[1,0],"18":[1,6],"19":[1,6],"20":[0,7],"21":[1,6],"22":[0,0]},"meta":{"lastBranch":23,"lastFunction":22,"lastStatement":61,"seen":{"s:6:34:6:Infinity":0,"s:8:16:8:Infinity":1,"s:10:10:10:Infinity":2,"b:10:13:10:25:10:29:10:31":0,"s:11:11:11:Infinity":3,"b:11:14:11:27:11:31:11:33":1,"s:12:11:12:Infinity":4,"b:12:14:12:27:12:31:12:40":2,"s:13:21:13:Infinity":5,"b:13:24:13:49:13:53:13:54":3,"b:14:17:14:34:14:34:14:Infinity":4,"s:15:24:15:Infinity":6,"b:15:27:15:55:15:59:15:64":5,"s:16:15:16:Infinity":7,"s:17:18:17:Infinity":8,"f:34:11:34:20":0,"b:35:8:39:Infinity:37:11:39:Infinity":6,"s:35:8:39:Infinity":9,"s:36:6:36:Infinity":10,"f:36:32:36:33":1,"s:36:34:36:Infinity":11,"s:38:6:38:Infinity":12,"f:42:17:42:29":2,"b:43:9:46:Infinity:undefined:undefined:undefined:undefined":7,"s:43:9:46:Infinity":13,"s:44:6:44:Infinity":14,"s:48:4:48:Infinity":15,"s:49:4:49:Infinity":16,"s:51:8:73:Infinity":17,"b:54:13:54:24:54:24:54:33":8,"b:56:46:56:67:56:67:56:76":9,"b:57:38:57:52:57:52:57:61":10,"b:59:18:59:34:59:38:59:Infinity":11,"b:62:10:66:Infinity:64:13:66:Infinity":12,"s:62:10:66:Infinity":18,"s:63:14:63:Infinity":19,"s:65:14:65:Infinity":20,"s:68:6:68:Infinity":21,"s:70:6:70:Infinity":22,"b:70:21:70:34:70:38:70:61":13,"s:72:6:72:Infinity":23,"f:76:11:76:22":3,"s:77:4:77:Infinity":24,"s:113:11:113:Infinity":25,"f:113:11:113:23":4,"b:111:11:111:Infinity:undefined:undefined:undefined:undefined":14,"s:111:11:111:Infinity":26,"s:111:23:111:Infinity":27,"f:154:19:154:31":5,"s:154:19:154:31":28,"s:161:42:161:Infinity":29,"b:161:42:161:Infinity:161:48:161:Infinity":15,"s:162:42:162:Infinity":30,"b:162:42:162:Infinity:162:48:162:Infinity":16,"s:157:32:157:Infinity":31,"f:157:32:157:37":6,"f:197:21:197:29":7,"s:197:21:197:29":32,"s:197:33:208:Infinity":33,"f:197:36:197:Infinity":8,"s:197:36:208:28":34,"s:14:6:206:Infinity":35,"f:206:32:206:40":9,"s:206:32:206:Infinity":36,"s:200:34:200:Infinity":37,"f:200:34:200:43":10,"b:226:15:226:Infinity:undefined:undefined:undefined:undefined":17,"s:226:15:226:Infinity":38,"s:226:33:226:Infinity":39,"s:219:28:219:Infinity":40,"f:219:28:219:46":11,"f:219:46:219:Infinity":12,"s:219:46:219:Infinity":41,"b:191:13:191:Infinity:undefined:undefined:undefined:undefined":18,"s:191:13:191:Infinity":42,"s:191:32:191:Infinity":43,"s:101:11:101:Infinity":44,"b:101:20:101:26:101:29:101:37":19,"s:245:22:245:Infinity":45,"s:248:13:248:Infinity":46,"b:248:25:248:36:248:39:248:67":20,"b:248:48:248:56:248:59:248:67":21,"s:104:20:104:Infinity":47,"s:126:24:126:Infinity":48,"f:126:24:126:28":13,"f:126:28:126:Infinity":14,"s:126:28:126:Infinity":49,"s:141:24:141:Infinity":50,"f:141:24:141:29":15,"f:141:29:141:Infinity":16,"s:141:29:141:Infinity":51,"s:169:24:169:Infinity":52,"f:169:24:169:29":17,"f:169:29:169:Infinity":18,"s:169:29:169:Infinity":53,"s:182:24:182:Infinity":54,"f:182:24:182:39":19,"f:182:39:182:Infinity":20,"s:182:39:182:Infinity":55,"s:238:22:238:Infinity":56,"s:117:38:117:Infinity":57,"s:83:12:83:Infinity":58,"s:84:15:84:Infinity":59,"f:84:15:84:16":21,"s:84:16:84:Infinity":60,"b:84:16:84:43:84:43:84:Infinity":22}}}
,"/home/runner/work/clock/clock/frontend/src/lib/navigation.ts": {"path":"/home/runner/work/clock/clock/frontend/src/lib/navigation.ts","statementMap":{"0":{"start":{"line":4,"column":13},"end":{"line":4,"column":null}},"1":{"start":{"line":8,"column":2},"end":{"line":12,"column":null}},"2":{"start":{"line":9,"column":4},"end":{"line":9,"column":null}},"3":{"start":{"line":11,"column":4},"end":{"line":11,"column":null}},"4":{"start":{"line":13,"column":2},"end":{"line":13,"column":null}},"5":{"start":{"line":17,"column":0},"end":{"line":21,"column":null}},"6":{"start":{"line":18,"column":2},"end":{"line":20,"column":null}},"7":{"start":{"line":19,"column":4},"end":{"line":19,"column":null}}},"fnMap":{"0":{"name":"navigate","decl":{"start":{"line":7,"column":16},"end":{"line":7,"column":25}},"loc":{"start":{"line":7,"column":72},"end":{"line":14,"column":null}},"line":7},"1":{"name":"(anonymous_1)","decl":{"start":{"line":18,"column":38},"end":{"line":18,"column":44}},"loc":{"start":{"line":18,"column":44},"end":{"line":20,"column":3}},"line":18}},"branchMap":{"0":{"loc":{"start":{"line":8,"column":2},"end":{"line":12,"column":null}},"type":"if","locations":[{"start":{"line":8,"column":2},"end":{"line":12,"column":null}},{"start":{"line":10,"column":9},"end":{"line":12,"column":null}}],"line":8},"1":{"loc":{"start":{"line":17,"column":0},"end":{"line":21,"column":null}},"type":"if","locations":[{"start":{"line":17,"column":0},"end":{"line":21,"column":null}},{"start":{},"end":{}}],"line":17}},"s":{"0":1,"1":0,"2":0,"3":0,"4":0,"5":1,"6":1,"7":0},"f":{"0":0,"1":0},"b":{"0":[0,0],"1":[1,0]},"meta":{"lastBranch":2,"lastFunction":2,"lastStatement":8,"seen":{"s:4:13:4:Infinity":0,"f:7:16:7:25":0,"b:8:2:12:Infinity:10:9:12:Infinity":0,"s:8:2:12:Infinity":1,"s:9:4:9:Infinity":2,"s:11:4:11:Infinity":3,"s:13:2:13:Infinity":4,"b:17:0:21:Infinity:undefined:undefined:undefined:undefined":1,"s:17:0:21:Infinity":5,"s:18:2:20:Infinity":6,"f:18:38:18:44":1,"s:19:4:19:Infinity":7}}}
,"/home/runner/work/clock/clock/frontend/src/routes/Login.svelte": {"path":"/home/runner/work/clock/clock/frontend/src/routes/Login.svelte","statementMap":{"0":{"start":{"line":5,"column":11},"end":{"line":5,"column":null}},"1":{"start":{"line":6,"column":14},"end":{"line":6,"column":null}},"2":{"start":{"line":7,"column":10},"end":{"line":7,"column":null}},"3":{"start":{"line":8,"column":20},"end":{"line":8,"column":null}},"4":{"start":{"line":9,"column":18},"end":{"line":9,"column":null}},"5":{"start":{"line":10,"column":15},"end":{"line":10,"column":null}},"6":{"start":{"line":13,"column":4},"end":{"line":13,"column":null}},"7":{"start":{"line":14,"column":4},"end":{"line":14,"column":null}},"8":{"start":{"line":16,"column":8},"end":{"line":27,"column":null}},"9":{"start":{"line":17,"column":10},"end":{"line":21,"column":null}},"10":{"start":{"line":18,"column":14},"end":{"line":18,"column":null}},"11":{"start":{"line":20,"column":14},"end":{"line":20,"column":null}},"12":{"start":{"line":22,"column":6},"end":{"line":22,"column":null}},"13":{"start":{"line":24,"column":6},"end":{"line":24,"column":null}},"14":{"start":{"line":26,"column":6},"end":{"line":26,"column":null}},"15":{"start":{"line":31,"column":4},"end":{"line":31,"column":null}},"16":{"start":{"line":32,"column":4},"end":{"line":32,"column":null}},"17":{"start":{"line":44,"column":9},"end":{"line":44,"column":null}},"18":{"start":{"line":42,"column":9},"end":{"line":42,"column":null}},"19":{"start":{"line":42,"column":21},"end":{"line":42,"column":null}},"20":{"start":{"line":57,"column":24},"end":{"line":57,"column":null}},"21":{"start":{"line":57,"column":28},"end":{"line":57,"column":null}},"22":{"start":{"line":49,"column":11},"end":{"line":49,"column":null}},"23":{"start":{"line":49,"column":25},"end":{"line":49,"column":null}},"24":{"start":{"line":39,"column":7},"end":{"line":39,"column":null}},"25":{"start":{"line":96,"column":18},"end":{"line":96,"column":null}},"26":{"start":{"line":99,"column":9},"end":{"line":99,"column":null}},"27":{"start":{"line":108,"column":9},"end":{"line":110,"column":null}},"28":{"start":{"line":72,"column":22},"end":{"line":72,"column":null}},"29":{"start":{"line":72,"column":27},"end":{"line":72,"column":null}},"30":{"start":{"line":86,"column":22},"end":{"line":86,"column":null}},"31":{"start":{"line":86,"column":30},"end":{"line":86,"column":null}},"32":{"start":{"line":48,"column":36},"end":{"line":48,"column":null}},"33":{"start":{"line":105,"column":18},"end":{"line":105,"column":null}}},"fnMap":{"0":{"name":"handleSubmit","decl":{"start":{"line":12,"column":17},"end":{"line":12,"column":29}},"loc":{"start":{"line":12,"column":32},"end":{"line":28,"column":null}},"line":12},"1":{"name":"toggleMode","decl":{"start":{"line":30,"column":11},"end":{"line":30,"column":21}},"loc":{"start":{"line":30,"column":24},"end":{"line":33,"column":null}},"line":30},"2":{"name":"(anonymous_2)","decl":{"start":{"line":44,"column":9},"end":{"line":44,"column":21}},"loc":{"start":{"line":44,"column":9},"end":{"line":44,"column":null}},"line":44},"3":{"name":"(anonymous_3)","decl":{"start":{"line":57,"column":24},"end":{"line":57,"column":28}},"loc":{"start":{"line":57,"column":24},"end":{"line":57,"column":null}},"line":57},"4":{"name":"(anonymous_4)","decl":{"start":{"line":57,"column":28},"end":{"line":57,"column":null}},"loc":{"start":{"line":57,"column":28},"end":{"line":57,"column":null}},"line":57},"5":{"name":"(anonymous_5)","decl":{"start":{"line":72,"column":22},"end":{"line":72,"column":27}},"loc":{"start":{"line":72,"column":22},"end":{"line":72,"column":null}},"line":72},"6":{"name":"(anonymous_6)","decl":{"start":{"line":72,"column":27},"end":{"line":72,"column":null}},"loc":{"start":{"line":72,"column":27},"end":{"line":72,"column":null}},"line":72},"7":{"name":"(anonymous_7)","decl":{"start":{"line":86,"column":22},"end":{"line":86,"column":30}},"loc":{"start":{"line":86,"column":22},"end":{"line":86,"column":null}},"line":86},"8":{"name":"(anonymous_8)","decl":{"start":{"line":86,"column":30},"end":{"line":86,"column":null}},"loc":{"start":{"line":86,"column":30},"end":{"line":86,"column":null}},"line":86}},"branchMap":{"0":{"loc":{"start":{"line":17,"column":10},"end":{"line":21,"column":null}},"type":"if","locations":[{"start":{"line":17,"column":10},"end":{"line":21,"column":null}},{"start":{"line":19,"column":13},"end":{"line":21,"column":null}}],"line":17},"1":{"loc":{"start":{"line":24,"column":21},"end":{"line":24,"column":61}},"type":"binary-expr","locations":[{"start":{"line":24,"column":21},"end":{"line":24,"column":34}},{"start":{"line":24,"column":38},"end":{"line":24,"column":61}}],"line":24},"2":{"loc":{"start":{"line":42,"column":9},"end":{"line":42,"column":null}},"type":"if","locations":[{"start":{"line":42,"column":9},"end":{"line":42,"column":null}},{"start":{},"end":{}}],"line":42},"3":{"loc":{"start":{"line":49,"column":11},"end":{"line":49,"column":null}},"type":"if","locations":[{"start":{"line":49,"column":11},"end":{"line":49,"column":null}},{"start":{},"end":{}}],"line":49},"4":{"loc":{"start":{"line":39,"column":7},"end":{"line":39,"column":44}},"type":"cond-expr","locations":[{"start":{"line":39,"column":24},"end":{"line":39,"column":34}},{"start":{"line":39,"column":37},"end":{"line":39,"column":44}}],"line":39},"5":{"loc":{"start":{"line":99,"column":9},"end":{"line":99,"column":77}},"type":"cond-expr","locations":[{"start":{"line":99,"column":21},"end":{"line":99,"column":40}},{"start":{"line":99,"column":40},"end":{"line":99,"column":77}}],"line":99},"6":{"loc":{"start":{"line":99,"column":40},"end":{"line":99,"column":77}},"type":"cond-expr","locations":[{"start":{"line":99,"column":57},"end":{"line":99,"column":67}},{"start":{"line":99,"column":70},"end":{"line":99,"column":77}}],"line":99},"7":{"loc":{"start":{"line":108,"column":9},"end":{"line":110,"column":45}},"type":"cond-expr","locations":[{"start":{"line":109,"column":12},"end":{"line":109,"column":null}},{"start":{"line":110,"column":12},"end":{"line":110,"column":45}}],"line":108}},"s":{"0":5,"1":5,"2":5,"3":5,"4":5,"5":5,"6":0,"7":0,"8":0,"9":0,"10":0,"11":0,"12":0,"13":0,"14":0,"15":1,"16":1,"17":0,"18":5,"19":0,"20":2,"21":0,"22":6,"23":1,"24":6,"25":6,"26":6,"27":6,"28":10,"29":0,"30":10,"31":0,"32":5,"33":5},"f":{"0":0,"1":1,"2":0,"3":2,"4":0,"5":10,"6":0,"7":10,"8":0},"b":{"0":[0,0],"1":[0,0],"2":[0,5],"3":[1,5],"4":[1,5],"5":[0,6],"6":[1,5],"7":[1,5]},"meta":{"lastBranch":8,"lastFunction":9,"lastStatement":34,"seen":{"s:5:11:5:Infinity":0,"s:6:14:6:Infinity":1,"s:7:10:7:Infinity":2,"s:8:20:8:Infinity":3,"s:9:18:9:Infinity":4,"s:10:15:10:Infinity":5,"f:12:17:12:29":0,"s:13:4:13:Infinity":6,"s:14:4:14:Infinity":7,"s:16:8:27:Infinity":8,"b:17:10:21:Infinity:19:13:21:Infinity":0,"s:17:10:21:Infinity":9,"s:18:14:18:Infinity":10,"s:20:14:20:Infinity":11,"s:22:6:22:Infinity":12,"s:24:6:24:Infinity":13,"b:24:21:24:34:24:38:24:61":1,"s:26:6:26:Infinity":14,"f:30:11:30:21":1,"s:31:4:31:Infinity":15,"s:32:4:32:Infinity":16,"s:44:9:44:Infinity":17,"f:44:9:44:21":2,"b:42:9:42:Infinity:undefined:undefined:undefined:undefined":2,"s:42:9:42:Infinity":18,"s:42:21:42:Infinity":19,"s:57:24:57:Infinity":20,"f:57:24:57:28":3,"f:57:28:57:Infinity":4,"s:57:28:57:Infinity":21,"b:49:11:49:Infinity:undefined:undefined:undefined:undefined":3,"s:49:11:49:Infinity":22,"s:49:25:49:Infinity":23,"s:39:7:39:Infinity":24,"b:39:24:39:34:39:37:39:44":4,"s:96:18:96:Infinity":25,"s:99:9:99:Infinity":26,"b:99:21:99:40:99:40:99:77":5,"b:99:57:99:67:99:70:99:77":6,"s:108:9:110:Infinity":27,"b:109:12:109:Infinity:110:12:110:45":7,"s:72:22:72:Infinity":28,"f:72:22:72:27":5,"f:72:27:72:Infinity":6,"s:72:27:72:Infinity":29,"s:86:22:86:Infinity":30,"f:86:22:86:30":7,"f:86:30:86:Infinity":8,"s:86:30:86:Infinity":31,"s:48:36:48:Infinity":32,"s:105:18:105:Infinity":33}}}
,"/home/runner/work/clock/clock/frontend/src/stores/auth.ts": {"path":"/home/runner/work/clock/clock/frontend/src/stores/auth.ts","statementMap":{"0":{"start":{"line":14,"column":33},"end":{"line":19,"column":null}},"1":{"start":{"line":21,"column":2},"end":{"line":174,"column":null}},"2":{"start":{"line":25,"column":6},"end":{"line":25,"column":null}},"3":{"start":{"line":25,"column":23},"end":{"line":25,"column":53}},"4":{"start":{"line":26,"column":6},"end":{"line":67,"column":null}},"5":{"start":{"line":28,"column":26},"end":{"line":28,"column":null}},"6":{"start":{"line":29,"column":8},"end":{"line":36,"column":null}},"7":{"start":{"line":30,"column":10},"end":{"line":35,"column":null}},"8":{"start":{"line":30,"column":27},"end":{"line":35,"column":12}},"9":{"start":{"line":39,"column":8},"end":{"line":60,"column":null}},"10":{"start":{"line":40,"column":23},"end":{"line":40,"column":null}},"11":{"start":{"line":41,"column":10},"end":{"line":41,"column":null}},"12":{"start":{"line":42,"column":10},"end":{"line":48,"column":null}},"13":{"start":{"line":42,"column":27},"end":{"line":48,"column":12}},"14":{"start":{"line":51,"column":10},"end":{"line":59,"column":null}},"15":{"start":{"line":52,"column":12},"end":{"line":56,"column":null}},"16":{"start":{"line":52,"column":29},"end":{"line":56,"column":14}},"17":{"start":{"line":58,"column":12},"end":{"line":58,"column":null}},"18":{"start":{"line":58,"column":29},"end":{"line":58,"column":60}},"19":{"start":{"line":62,"column":8},"end":{"line":66,"column":null}},"20":{"start":{"line":62,"column":25},"end":{"line":66,"column":10}},"21":{"start":{"line":71,"column":6},"end":{"line":71,"column":null}},"22":{"start":{"line":71,"column":23},"end":{"line":71,"column":66}},"23":{"start":{"line":72,"column":6},"end":{"line":90,"column":null}},"24":{"start":{"line":73,"column":21},"end":{"line":73,"column":null}},"25":{"start":{"line":74,"column":8},"end":{"line":74,"column":null}},"26":{"start":{"line":75,"column":8},"end":{"line":80,"column":null}},"27":{"start":{"line":75,"column":25},"end":{"line":80,"column":10}},"28":{"start":{"line":81,"column":8},"end":{"line":81,"column":null}},"29":{"start":{"line":83,"column":29},"end":{"line":83,"column":null}},"30":{"start":{"line":84,"column":8},"end":{"line":88,"column":null}},"31":{"start":{"line":84,"column":25},"end":{"line":88,"column":10}},"32":{"start":{"line":89,"column":8},"end":{"line":89,"column":null}},"33":{"start":{"line":94,"column":6},"end":{"line":94,"column":null}},"34":{"start":{"line":94,"column":23},"end":{"line":94,"column":66}},"35":{"start":{"line":95,"column":6},"end":{"line":113,"column":null}},"36":{"start":{"line":96,"column":21},"end":{"line":96,"column":null}},"37":{"start":{"line":97,"column":8},"end":{"line":97,"column":null}},"38":{"start":{"line":98,"column":8},"end":{"line":103,"column":null}},"39":{"start":{"line":98,"column":25},"end":{"line":103,"column":10}},"40":{"start":{"line":104,"column":8},"end":{"line":104,"column":null}},"41":{"start":{"line":106,"column":29},"end":{"line":106,"column":null}},"42":{"start":{"line":107,"column":8},"end":{"line":111,"column":null}},"43":{"start":{"line":107,"column":25},"end":{"line":111,"column":10}},"44":{"start":{"line":112,"column":8},"end":{"line":112,"column":null}},"45":{"start":{"line":117,"column":6},"end":{"line":117,"column":null}},"46":{"start":{"line":117,"column":23},"end":{"line":117,"column":53}},"47":{"start":{"line":118,"column":6},"end":{"line":130,"column":null}},"48":{"start":{"line":119,"column":8},"end":{"line":119,"column":null}},"49":{"start":{"line":121,"column":8},"end":{"line":121,"column":null}},"50":{"start":{"line":123,"column":8},"end":{"line":123,"column":null}},"51":{"start":{"line":124,"column":8},"end":{"line":129,"column":null}},"52":{"start":{"line":134,"column":6},"end":{"line":134,"column":null}},"53":{"start":{"line":134,"column":23},"end":{"line":134,"column":66}},"54":{"start":{"line":135,"column":6},"end":{"line":152,"column":null}},"55":{"start":{"line":136,"column":21},"end":{"line":136,"column":null}},"56":{"start":{"line":137,"column":8},"end":{"line":137,"column":null}},"57":{"start":{"line":138,"column":8},"end":{"line":142,"column":null}},"58":{"start":{"line":138,"column":25},"end":{"line":142,"column":10}},"59":{"start":{"line":143,"column":8},"end":{"line":143,"column":null}},"60":{"start":{"line":145,"column":29},"end":{"line":145,"column":null}},"61":{"start":{"line":146,"column":8},"end":{"line":150,"column":null}},"62":{"start":{"line":146,"column":25},"end":{"line":150,"column":10}},"63":{"start":{"line":151,"column":8},"end":{"line":151,"column":null}},"64":{"start":{"line":156,"column":6},"end":{"line":156,"column":null}},"65":{"start":{"line":156,"column":23},"end":{"line":156,"column":66}},"66":{"start":{"line":157,"column":6},"end":{"line":168,"column":null}},"67":{"start":{"line":158,"column":8},"end":{"line":158,"column":null}},"68":{"start":{"line":159,"column":8},"end":{"line":159,"column":null}},"69":{"start":{"line":159,"column":25},"end":{"line":159,"column":56}},"70":{"start":{"line":161,"column":29},"end":{"line":161,"column":null}},"71":{"start":{"line":162,"column":8},"end":{"line":166,"column":null}},"72":{"start":{"line":162,"column":25},"end":{"line":166,"column":10}},"73":{"start":{"line":167,"column":8},"end":{"line":167,"column":null}},"74":{"start":{"line":172,"column":6},"end":{"line":172,"column":null}},"75":{"start":{"line":172,"column":23},"end":{"line":172,"column":49}},"76":{"start":{"line":177,"column":25},"end":{"line":177,"column":null}}},"fnMap":{"0":{"name":"createAuthStore","decl":{"start":{"line":13,"column":9},"end":{"line":13,"column":27}},"loc":{"start":{"line":13,"column":27},"end":{"line":175,"column":null}},"line":13},"1":{"name":"(anonymous_1)","decl":{"start":{"line":24,"column":10},"end":{"line":24,"column":17}},"loc":{"start":{"line":24,"column":17},"end":{"line":68,"column":null}},"line":24},"2":{"name":"(anonymous_2)","decl":{"start":{"line":25,"column":13},"end":{"line":25,"column":23}},"loc":{"start":{"line":25,"column":23},"end":{"line":25,"column":53}},"line":25},"3":{"name":"(anonymous_3)","decl":{"start":{"line":30,"column":17},"end":{"line":30,"column":27}},"loc":{"start":{"line":30,"column":27},"end":{"line":35,"column":12}},"line":30},"4":{"name":"(anonymous_4)","decl":{"start":{"line":42,"column":17},"end":{"line":42,"column":27}},"loc":{"start":{"line":42,"column":27},"end":{"line":48,"column":12}},"line":42},"5":{"name":"(anonymous_5)","decl":{"start":{"line":52,"column":19},"end":{"line":52,"column":29}},"loc":{"start":{"line":52,"column":29},"end":{"line":56,"column":14}},"line":52},"6":{"name":"(anonymous_6)","decl":{"start":{"line":58,"column":19},"end":{"line":58,"column":29}},"loc":{"start":{"line":58,"column":29},"end":{"line":58,"column":60}},"line":58},"7":{"name":"(anonymous_7)","decl":{"start":{"line":62,"column":15},"end":{"line":62,"column":25}},"loc":{"start":{"line":62,"column":25},"end":{"line":66,"column":10}},"line":62},"8":{"name":"(anonymous_8)","decl":{"start":{"line":70,"column":10},"end":{"line":70,"column":16}},"loc":{"start":{"line":70,"column":49},"end":{"line":91,"column":null}},"line":70},"9":{"name":"(anonymous_9)","decl":{"start":{"line":71,"column":13},"end":{"line":71,"column":23}},"loc":{"start":{"line":71,"column":23},"end":{"line":71,"column":66}},"line":71},"10":{"name":"(anonymous_10)","decl":{"start":{"line":75,"column":15},"end":{"line":75,"column":25}},"loc":{"start":{"line":75,"column":25},"end":{"line":80,"column":10}},"line":75},"11":{"name":"(anonymous_11)","decl":{"start":{"line":84,"column":15},"end":{"line":84,"column":25}},"loc":{"start":{"line":84,"column":25},"end":{"line":88,"column":10}},"line":84},"12":{"name":"(anonymous_12)","decl":{"start":{"line":93,"column":10},"end":{"line":93,"column":19}},"loc":{"start":{"line":93,"column":66},"end":{"line":114,"column":null}},"line":93},"13":{"name":"(anonymous_13)","decl":{"start":{"line":94,"column":13},"end":{"line":94,"column":23}},"loc":{"start":{"line":94,"column":23},"end":{"line":94,"column":66}},"line":94},"14":{"name":"(anonymous_14)","decl":{"start":{"line":98,"column":15},"end":{"line":98,"column":25}},"loc":{"start":{"line":98,"column":25},"end":{"line":103,"column":10}},"line":98},"15":{"name":"(anonymous_15)","decl":{"start":{"line":107,"column":15},"end":{"line":107,"column":25}},"loc":{"start":{"line":107,"column":25},"end":{"line":111,"column":10}},"line":107},"16":{"name":"(anonymous_16)","decl":{"start":{"line":116,"column":10},"end":{"line":116,"column":19}},"loc":{"start":{"line":116,"column":19},"end":{"line":131,"column":null}},"line":116},"17":{"name":"(anonymous_17)","decl":{"start":{"line":117,"column":13},"end":{"line":117,"column":23}},"loc":{"start":{"line":117,"column":23},"end":{"line":117,"column":53}},"line":117},"18":{"name":"(anonymous_18)","decl":{"start":{"line":133,"column":10},"end":{"line":133,"column":24}},"loc":{"start":{"line":133,"column":56},"end":{"line":153,"column":null}},"line":133},"19":{"name":"(anonymous_19)","decl":{"start":{"line":134,"column":13},"end":{"line":134,"column":23}},"loc":{"start":{"line":134,"column":23},"end":{"line":134,"column":66}},"line":134},"20":{"name":"(anonymous_20)","decl":{"start":{"line":138,"column":15},"end":{"line":138,"column":25}},"loc":{"start":{"line":138,"column":25},"end":{"line":142,"column":10}},"line":138},"21":{"name":"(anonymous_21)","decl":{"start":{"line":146,"column":15},"end":{"line":146,"column":25}},"loc":{"start":{"line":146,"column":25},"end":{"line":150,"column":10}},"line":146},"22":{"name":"(anonymous_22)","decl":{"start":{"line":155,"column":10},"end":{"line":155,"column":25}},"loc":{"start":{"line":155,"column":71},"end":{"line":169,"column":null}},"line":155},"23":{"name":"(anonymous_23)","decl":{"start":{"line":156,"column":13},"end":{"line":156,"column":23}},"loc":{"start":{"line":156,"column":23},"end":{"line":156,"column":66}},"line":156},"24":{"name":"(anonymous_24)","decl":{"start":{"line":159,"column":15},"end":{"line":159,"column":25}},"loc":{"start":{"line":159,"column":25},"end":{"line":159,"column":56}},"line":159},"25":{"name":"(anonymous_25)","decl":{"start":{"line":162,"column":15},"end":{"line":162,"column":25}},"loc":{"start":{"line":162,"column":25},"end":{"line":166,"column":10}},"line":162},"26":{"name":"(anonymous_26)","decl":{"start":{"line":171,"column":4},"end":{"line":171,"column":17}},"loc":{"start":{"line":171,"column":17},"end":{"line":173,"column":null}},"line":171},"27":{"name":"(anonymous_27)","decl":{"start":{"line":172,"column":13},"end":{"line":172,"column":23}},"loc":{"start":{"line":172,"column":23},"end":{"line":172,"column":49}},"line":172}},"branchMap":{"0":{"loc":{"start":{"line":29,"column":8},"end":{"line":36,"column":null}},"type":"if","locations":[{"start":{"line":29,"column":8},"end":{"line":36,"column":null}},{"start":{},"end":{}}],"line":29},"1":{"loc":{"start":{"line":51,"column":10},"end":{"line":59,"column":null}},"type":"if","locations":[{"start":{"line":51,"column":10},"end":{"line":59,"column":null}},{"start":{"line":57,"column":17},"end":{"line":59,"column":null}}],"line":51},"2":{"loc":{"start":{"line":83,"column":29},"end":{"line":83,"column":null}},"type":"binary-expr","locations":[{"start":{"line":83,"column":29},"end":{"line":83,"column":62}},{"start":{"line":83,"column":62},"end":{"line":83,"column":null}}],"line":83},"3":{"loc":{"start":{"line":106,"column":29},"end":{"line":106,"column":null}},"type":"binary-expr","locations":[{"start":{"line":106,"column":29},"end":{"line":106,"column":62}},{"start":{"line":106,"column":62},"end":{"line":106,"column":null}}],"line":106},"4":{"loc":{"start":{"line":145,"column":29},"end":{"line":145,"column":null}},"type":"binary-expr","locations":[{"start":{"line":145,"column":29},"end":{"line":145,"column":62}},{"start":{"line":145,"column":62},"end":{"line":145,"column":null}}],"line":145},"5":{"loc":{"start":{"line":161,"column":29},"end":{"line":161,"column":null}},"type":"binary-expr","locations":[{"start":{"line":161,"column":29},"end":{"line":161,"column":62}},{"start":{"line":161,"column":62},"end":{"line":161,"column":null}}],"line":161}},"s":{"0":1,"1":1,"2":0,"3":0,"4":0,"5":0,"6":0,"7":0,"8":0,"9":0,"10":0,"11":0,"12":0,"13":0,"14":0,"15":0,"16":0,"17":0,"18":0,"19":0,"20":0,"21":2,"22":2,"23":2,"24":2,"25":2,"26":2,"27":2,"28":2,"29":0,"30":0,"31":0,"32":0,"33":0,"34":0,"35":0,"36":0,"37":0,"38":0,"39":0,"40":0,"41":0,"42":0,"43":0,"44":0,"45":1,"46":1,"47":1,"48":1,"49":0,"50":1,"51":1,"52":0,"53":0,"54":0,"55":0,"56":0,"57":0,"58":0,"59":0,"60":0,"61":0,"62":0,"63":0,"64":0,"65":0,"66":0,"67":0,"68":0,"69":0,"70":0,"71":0,"72":0,"73":0,"74":0,"75":0,"76":1},"f":{"0":1,"1":0,"2":0,"3":0,"4":0,"5":0,"6":0,"7":0,"8":2,"9":2,"10":2,"11":0,"12":0,"13":0,"14":0,"15":0,"16":1,"17":1,"18":0,"19":0,"20":0,"21":0,"22":0,"23":0,"24":0,"25":0,"26":0,"27":0},"b":{"0":[0,0],"1":[0,0],"2":[0,0],"3":[0,0],"4":[0,0],"5":[0,0]},"meta":{"lastBranch":6,"lastFunction":28,"lastStatement":77,"seen":{"f:13:9:13:27":0,"s:14:33:19:Infinity":0,"s:21:2:174:Infinity":1,"f:24:10:24:17":1,"s:25:6:25:Infinity":2,"f:25:13:25:23":2,"s:25:23:25:53":3,"s:26:6:67:Infinity":4,"s:28:26:28:Infinity":5,"b:29:8:36:Infinity:undefined:undefined:undefined:undefined":0,"s:29:8:36:Infinity":6,"s:30:10:35:Infinity":7,"f:30:17:30:27":3,"s:30:27:35:12":8,"s:39:8:60:Infinity":9,"s:40:23:40:Infinity":10,"s:41:10:41:Infinity":11,"s:42:10:48:Infinity":12,"f:42:17:42:27":4,"s:42:27:48:12":13,"b:51:10:59:Infinity:57:17:59:Infinity":1,"s:51:10:59:Infinity":14,"s:52:12:56:Infinity":15,"f:52:19:52:29":5,"s:52:29:56:14":16,"s:58:12:58:Infinity":17,"f:58:19:58:29":6,"s:58:29:58:60":18,"s:62:8:66:Infinity":19,"f:62:15:62:25":7,"s:62:25:66:10":20,"f:70:10:70:16":8,"s:71:6:71:Infinity":21,"f:71:13:71:23":9,"s:71:23:71:66":22,"s:72:6:90:Infinity":23,"s:73:21:73:Infinity":24,"s:74:8:74:Infinity":25,"s:75:8:80:Infinity":26,"f:75:15:75:25":10,"s:75:25:80:10":27,"s:81:8:81:Infinity":28,"s:83:29:83:Infinity":29,"b:83:29:83:62:83:62:83:Infinity":2,"s:84:8:88:Infinity":30,"f:84:15:84:25":11,"s:84:25:88:10":31,"s:89:8:89:Infinity":32,"f:93:10:93:19":12,"s:94:6:94:Infinity":33,"f:94:13:94:23":13,"s:94:23:94:66":34,"s:95:6:113:Infinity":35,"s:96:21:96:Infinity":36,"s:97:8:97:Infinity":37,"s:98:8:103:Infinity":38,"f:98:15:98:25":14,"s:98:25:103:10":39,"s:104:8:104:Infinity":40,"s:106:29:106:Infinity":41,"b:106:29:106:62:106:62:106:Infinity":3,"s:107:8:111:Infinity":42,"f:107:15:107:25":15,"s:107:25:111:10":43,"s:112:8:112:Infinity":44,"f:116:10:116:19":16,"s:117:6:117:Infinity":45,"f:117:13:117:23":17,"s:117:23:117:53":46,"s:118:6:130:Infinity":47,"s:119:8:119:Infinity":48,"s:121:8:121:Infinity":49,"s:123:8:123:Infinity":50,"s:124:8:129:Infinity":51,"f:133:10:133:24":18,"s:134:6:134:Infinity":52,"f:134:13:134:23":19,"s:134:23:134:66":53,"s:135:6:152:Infinity":54,"s:136:21:136:Infinity":55,"s:137:8:137:Infinity":56,"s:138:8:142:Infinity":57,"f:138:15:138:25":20,"s:138:25:142:10":58,"s:143:8:143:Infinity":59,"s:145:29:145:Infinity":60,"b:145:29:145:62:145:62:145:Infinity":4,"s:146:8:150:Infinity":61,"f:146:15:146:25":21,"s:146:25:150:10":62,"s:151:8:151:Infinity":63,"f:155:10:155:25":22,"s:156:6:156:Infinity":64,"f:156:13:156:23":23,"s:156:23:156:66":65,"s:157:6:168:Infinity":66,"s:158:8:158:Infinity":67,"s:159:8:159:Infinity":68,"f:159:15:159:25":24,"s:159:25:159:56":69,"s:161:29:161:Infinity":70,"b:161:29:161:62:161:62:161:Infinity":5,"s:162:8:166:Infinity":71,"f:162:15:162:25":25,"s:162:25:166:10":72,"s:167:8:167:Infinity":73,"f:171:4:171:17":26,"s:172:6:172:Infinity":74,"f:172:13:172:23":27,"s:172:23:172:49":75,"s:177:25:177:Infinity":76}}}
}
